<?xml version="1.0" encoding="UTF-8"?>
<!-- Generated by org.testng.reporters.JUnitReportReporter -->
<testsuite hostname="DESKTOP-M9R0QRP" failures="0" tests="1" name="teachopia.WelcomeToTeachopiaTest" time="44.698" errors="0" timestamp="31 Aug 2021 11:29:05 GMT" skipped="0">
  <testcase classname="teachopia.WelcomeToTeachopiaTest" name="welcomeTest" time="44.698"/>
</testsuite> <!-- teachopia.WelcomeToTeachopiaTest -->
