<?xml version="1.0" encoding="UTF-8"?>
<!-- Generated by org.testng.reporters.JUnitReportReporter -->
<testsuite hostname="DESKTOP-M9R0QRP" failures="0" tests="1" name="teachopia.WelcomeToTeachopiaTest" time="45.361" errors="0" timestamp="30 Aug 2021 12:56:23 GMT" skipped="0">
  <testcase classname="teachopia.WelcomeToTeachopiaTest" name="welcomeTest" time="45.361"/>
</testsuite> <!-- teachopia.WelcomeToTeachopiaTest -->
